{"C:\\Users\\ricar\\Documents\\projects\\udemy\\Node\\concourse-pipelines-testing\\src\\index.ts": {"path":"C:\\Users\\ricar\\Documents\\projects\\udemy\\Node\\concourse-pipelines-testing\\src\\index.ts","statementMap":{"0":{"start":{"line":1,"column":0},"end":{"line":1,"column":62}},"1":{"start":{"line":3,"column":21},"end":{"line":3,"column":30}},"2":{"start":{"line":4,"column":21},"end":{"line":4,"column":25}},"3":{"start":{"line":6,"column":0},"end":{"line":8,"column":3}},"4":{"start":{"line":7,"column":4},"end":{"line":7,"column":45}},"5":{"start":{"line":10,"column":0},"end":{"line":12,"column":3}},"6":{"start":{"line":11,"column":4},"end":{"line":11,"column":40}},"7":{"start":{"line":14,"column":0},"end":{"line":14,"column":19}}},"fnMap":{"0":{"name":"(anonymous_1)","decl":{"start":{"line":6,"column":17},"end":{"line":6,"column":20}},"loc":{"start":{"line":6,"column":22},"end":{"line":8,"column":1}}},"1":{"name":"(anonymous_2)","decl":{"start":{"line":10,"column":13},"end":{"line":10,"column":14}},"loc":{"start":{"line":10,"column":45},"end":{"line":12,"column":1}}}},"branchMap":{},"s":{"0":1,"1":1,"2":1,"3":1,"4":1,"5":1,"6":1,"7":1},"f":{"0":1,"1":1},"b":{}}
}
